[debug] [2025-07-04T16:31:53.094Z] ----------------------------------------------------------------------
[debug] [2025-07-04T16:31:53.097Z] Command:       /usr/local/bin/node /usr/local/bin/firebase init
[debug] [2025-07-04T16:31:53.097Z] CLI Version:   14.9.0
[debug] [2025-07-04T16:31:53.097Z] Platform:      darwin
[debug] [2025-07-04T16:31:53.098Z] Node Version:  v22.17.0
[debug] [2025-07-04T16:31:53.098Z] Time:          Fri Jul 04 2025 09:31:53 GMT-0700 (Pacific Daylight Time)
[debug] [2025-07-04T16:31:53.098Z] ----------------------------------------------------------------------
[debug] 
[debug] [2025-07-04T16:31:53.103Z] > command requires scopes: ["email","openid","https://www.googleapis.com/auth/cloudplatformprojects.readonly","https://www.googleapis.com/auth/firebase","https://www.googleapis.com/auth/cloud-platform"]
[debug] [2025-07-04T16:31:53.104Z] > authorizing via signed-in user (joeymills@gmail.com)
[info] 
     ######## #### ########  ######## ########     ###     ######  ########
     ##        ##  ##     ## ##       ##     ##  ##   ##  ##       ##
     ######    ##  ########  ######   ########  #########  ######  ######
     ##        ##  ##    ##  ##       ##     ## ##     ##       ## ##
     ##       #### ##     ## ######## ########  ##     ##  ######  ########

You're about to initialize a Firebase project in this directory:

  /Users/landonbell/Documents/GitHub/Tile-Loops

[info] 
=== Project Setup
[info] 
[info] First, let's associate this project directory with a Firebase project.
[info] You can create multiple project aliases by running firebase use --add, 
[info] but for now we'll just set up a default project.
[info] 
[debug] [2025-07-04T16:33:34.710Z] Checked if tokens are valid: true, expires at: 1751650298762
[debug] [2025-07-04T16:33:34.710Z] Checked if tokens are valid: true, expires at: 1751650298762
[debug] [2025-07-04T16:33:34.711Z] >>> [apiv2][query] GET https://firebase.googleapis.com/v1beta1/projects pageSize=100
[debug] [2025-07-04T16:33:35.283Z] <<< [apiv2][status] GET https://firebase.googleapis.com/v1beta1/projects 200
[debug] [2025-07-04T16:33:35.283Z] <<< [apiv2][body] GET https://firebase.googleapis.com/v1beta1/projects [omitted]
[info] i  Using project tile-loops-543e8 (Tile Loops) 
[info] 
=== Hosting Setup
[debug] [2025-07-04T16:33:38.569Z] Checked if tokens are valid: true, expires at: 1751650298762
[debug] [2025-07-04T16:33:38.569Z] Checked if tokens are valid: true, expires at: 1751650298762
[debug] [2025-07-04T16:33:38.569Z] >>> [apiv2][query] GET https://firebase.googleapis.com/v1beta1/projects/tile-loops-543e8 [none]
[debug] [2025-07-04T16:33:39.067Z] <<< [apiv2][status] GET https://firebase.googleapis.com/v1beta1/projects/tile-loops-543e8 200
[debug] [2025-07-04T16:33:39.067Z] <<< [apiv2][body] GET https://firebase.googleapis.com/v1beta1/projects/tile-loops-543e8 {"projectId":"tile-loops-543e8","projectNumber":"612738502548","displayName":"Tile Loops","name":"projects/tile-loops-543e8","resources":{"hostingSite":"tile-loops-543e8"},"state":"ACTIVE","etag":"1_ada24826-6b8b-45c7-8ba7-c10e0940b250"}
[info] 
[info] Your public directory is the folder (relative to your project directory) that
[info] will contain Hosting assets to be uploaded with firebase deploy. If you
[info] have a build process for your assets, use your build's output directory.
[info] 
[debug] [2025-07-04T16:36:08.261Z] >>> [apiv2][query] GET https://www.gstatic.com/firebasejs/releases.json [none]
[debug] [2025-07-04T16:36:08.351Z] <<< [apiv2][status] GET https://www.gstatic.com/firebasejs/releases.json 200
[debug] [2025-07-04T16:36:08.351Z] <<< [apiv2][body] GET https://www.gstatic.com/firebasejs/releases.json {"current":{"version":"11.10.0","browserURL":"https://www.gstatic.com/firebasejs/11.10.0/firebase.js","packageURL":"https://www.gstatic.com/firebasejs/11.10.0/firebase.tgz"},"live":{"version":"11.10","browserURL":"https://www.gstatic.com/firebasejs/live/11.10/firebase.js","packageURL":"https://www.gstatic.com/firebasejs/live/11.10/firebase.tgz"},"components":{"ai":"https://www.gstatic.com/firebasejs/11.10.0/firebase-ai.js","analytics":"https://www.gstatic.com/firebasejs/11.10.0/firebase-analytics.js","app":"https://www.gstatic.com/firebasejs/11.10.0/firebase-app.js","app-check":"https://www.gstatic.com/firebasejs/11.10.0/firebase-app-check.js","auth":"https://www.gstatic.com/firebasejs/11.10.0/firebase-auth.js","auth/cordova":"https://www.gstatic.com/firebasejs/11.10.0/firebase-auth/cordova.js","auth/web-extension":"https://www.gstatic.com/firebasejs/11.10.0/firebase-auth/web-extension.js","functions":"https://www.gstatic.com/firebasejs/11.10.0/firebase-functions.js","firestore":"https://www.gstatic.com/firebasejs/11.10.0/firebase-firestore.js","firestore/lite":"https://www.gstatic.com/firebasejs/11.10.0/firebase-firestore/lite.js","installations":"https://www.gstatic.com/firebasejs/11.10.0/firebase-installations.js","storage":"https://www.gstatic.com/firebasejs/11.10.0/firebase-storage.js","performance":"https://www.gstatic.com/firebasejs/11.10.0/firebase-performance.js","remote-config":"https://www.gstatic.com/firebasejs/11.10.0/firebase-remote-config.js","messaging":"https://www.gstatic.com/firebasejs/11.10.0/firebase-messaging.js","messaging/sw":"https://www.gstatic.com/firebasejs/11.10.0/firebase-messaging/sw.js","database":"https://www.gstatic.com/firebasejs/11.10.0/firebase-database.js","vertexai":"https://www.gstatic.com/firebasejs/11.10.0/firebase-vertexai.js","data-connect":"https://www.gstatic.com/firebasejs/11.10.0/firebase-data-connect.js","firestore.memory":"https://www.gstatic.com/firebasejs/11.10.0/firebase-firestore.memory.js"}}
[info] ✔  Wrote public/index.html 
[info] 
[info] i  Detected a .git folder at /Users/landonbell/Documents/GitHub/Tile-Loops 
[info] i  Authorizing with GitHub to upload your service account to a GitHub repository's secrets store. 
[info] 
[info] Visit this URL on this device to log in:
[info] https://github.com/login/oauth/authorize?client_id=89cf50f02ac6aaed3484&state=894371207&redirect_uri=http%3A%2F%2Flocalhost%3A9005&scope=read%3Auser%20repo%20public_repo
[info] 
[info] Waiting for authentication...
